Performing C SOURCE FILE Test CMAKE_HAVE_LIBC_PTHREAD failed with the following output:
Change Dir: /home/cilotta/hero_chassis_controller/build/rm_control/CMakeFiles/CMakeTmp

Run Build Command(s):/usr/bin/make cmTC_2f2b6/fast && /usr/bin/make -f CMakeFiles/cmTC_2f2b6.dir/build.make CMakeFiles/cmTC_2f2b6.dir/build
make[1]: 进入目录“/home/cilotta/hero_chassis_controller/build/rm_control/CMakeFiles/CMakeTmp”
Building C object CMakeFiles/cmTC_2f2b6.dir/src.c.o
/usr/bin/cc   -DCMAKE_HAVE_LIBC_PTHREAD   -o CMakeFiles/cmTC_2f2b6.dir/src.c.o   -c /home/cilotta/hero_chassis_controller/build/rm_control/CMakeFiles/CMakeTmp/src.c
Linking C executable cmTC_2f2b6
/usr/bin/cmake -E cmake_link_script CMakeFiles/cmTC_2f2b6.dir/link.txt --verbose=1
/usr/bin/cc  -DCMAKE_HAVE_LIBC_PTHREAD    -rdynamic CMakeFiles/cmTC_2f2b6.dir/src.c.o  -o cmTC_2f2b6 
/usr/bin/ld: CMakeFiles/cmTC_2f2b6.dir/src.c.o: in function `main':
src.c:(.text+0x46): undefined reference to `pthread_create'
/usr/bin/ld: src.c:(.text+0x52): undefined reference to `pthread_detach'
/usr/bin/ld: src.c:(.text+0x63): undefined reference to `pthread_join'
collect2: error: ld returned 1 exit status
make[1]: *** [CMakeFiles/cmTC_2f2b6.dir/build.make:87：cmTC_2f2b6] 错误 1
make[1]: 离开目录“/home/cilotta/hero_chassis_controller/build/rm_control/CMakeFiles/CMakeTmp”
make: *** [Makefile:121：cmTC_2f2b6/fast] 错误 2


Source file was:
#include <pthread.h>

void* test_func(void* data)
{
  return data;
}

int main(void)
{
  pthread_t thread;
  pthread_create(&thread, NULL, test_func, NULL);
  pthread_detach(thread);
  pthread_join(thread, NULL);
  pthread_atfork(NULL, NULL, NULL);
  pthread_exit(NULL);

  return 0;
}

Determining if the function pthread_create exists in the pthreads failed with the following output:
Change Dir: /home/cilotta/hero_chassis_controller/build/rm_control/CMakeFiles/CMakeTmp

Run Build Command(s):/usr/bin/make cmTC_705bc/fast && /usr/bin/make -f CMakeFiles/cmTC_705bc.dir/build.make CMakeFiles/cmTC_705bc.dir/build
make[1]: 进入目录“/home/cilotta/hero_chassis_controller/build/rm_control/CMakeFiles/CMakeTmp”
Building C object CMakeFiles/cmTC_705bc.dir/CheckFunctionExists.c.o
/usr/bin/cc   -DCHECK_FUNCTION_EXISTS=pthread_create   -o CMakeFiles/cmTC_705bc.dir/CheckFunctionExists.c.o   -c /usr/share/cmake-3.16/Modules/CheckFunctionExists.c
Linking C executable cmTC_705bc
/usr/bin/cmake -E cmake_link_script CMakeFiles/cmTC_705bc.dir/link.txt --verbose=1
/usr/bin/cc  -DCHECK_FUNCTION_EXISTS=pthread_create    -rdynamic CMakeFiles/cmTC_705bc.dir/CheckFunctionExists.c.o  -o cmTC_705bc  -lpthreads 
/usr/bin/ld: 找不到 -lpthreads
collect2: error: ld returned 1 exit status
make[1]: *** [CMakeFiles/cmTC_705bc.dir/build.make:87：cmTC_705bc] 错误 1
make[1]: 离开目录“/home/cilotta/hero_chassis_controller/build/rm_control/CMakeFiles/CMakeTmp”
make: *** [Makefile:121：cmTC_705bc/fast] 错误 2



